c:\users\user\documents\visual studio 2013\projects\gameproject\base\debug\vc120.pdb
c:\users\user\documents\visual studio 2013\projects\gameproject\base\debug\vc120.idb
c:\users\user\documents\visual studio 2013\projects\gameproject\base\debug\loadtga.obj
c:\users\user\documents\visual studio 2013\projects\gameproject\base\debug\main.obj
c:\users\user\documents\visual studio 2013\projects\gameproject\base\debug\mesh.obj
c:\users\user\documents\visual studio 2013\projects\gameproject\base\debug\meshbuilder.obj
c:\users\user\documents\visual studio 2013\projects\gameproject\base\debug\model.obj
c:\users\user\documents\visual studio 2013\projects\gameproject\base\debug\model_3d.obj
c:\users\user\documents\visual studio 2013\projects\gameproject\base\debug\mymodel.obj
c:\users\user\documents\visual studio 2013\projects\gameproject\base\debug\myview.obj
c:\users\user\documents\visual studio 2013\projects\gameproject\base\debug\orientedboundingbox.obj
c:\users\user\documents\visual studio 2013\projects\gameproject\base\debug\projectile.obj
c:\users\user\documents\visual studio 2013\projects\gameproject\base\debug\projectilemanager.obj
c:\users\user\documents\visual studio 2013\projects\gameproject\base\debug\scenenode.obj
c:\users\user\documents\visual studio 2013\projects\gameproject\base\debug\shader.obj
c:\users\user\documents\visual studio 2013\projects\gameproject\base\debug\spatialpartition.obj
c:\users\user\documents\visual studio 2013\projects\gameproject\base\debug\spatialpartitiongrid.obj
c:\users\user\documents\visual studio 2013\projects\gameproject\base\debug\spriteanimation.obj
c:\users\user\documents\visual studio 2013\projects\gameproject\base\debug\tilemap.obj
c:\users\user\documents\visual studio 2013\projects\gameproject\base\debug\utility.obj
c:\users\user\documents\visual studio 2013\projects\gameproject\base\debug\view.obj
c:\users\user\documents\visual studio 2013\projects\gameproject\base\debug\view_3d.obj
c:\users\user\documents\visual studio 2013\projects\gameproject\base\debug\camera.obj
c:\users\user\documents\visual studio 2013\projects\gameproject\base\debug\camera3.obj
c:\users\user\documents\visual studio 2013\projects\gameproject\base\debug\controller.obj
c:\users\user\documents\visual studio 2013\projects\gameproject\base\debug\controller_3d.obj
c:\users\user\documents\visual studio 2013\projects\gameproject\base\debug\gbuffer.obj
c:\users\user\documents\visual studio 2013\projects\gameproject\base\debug\loadhmap.obj
c:\users\user\documents\visual studio 2013\projects\gameproject\base\debug\loadobj.obj
c:\users\user\documents\visual studio 2013\projects\gameproject\debug\base.pdb
c:\users\user\documents\visual studio 2013\projects\gameproject\base\debug\base.tlog\cl.command.1.tlog
c:\users\user\documents\visual studio 2013\projects\gameproject\base\debug\base.tlog\cl.read.1.tlog
c:\users\user\documents\visual studio 2013\projects\gameproject\base\debug\base.tlog\cl.write.1.tlog
c:\users\user\documents\visual studio 2013\projects\gameproject\base\debug\base.tlog\link-cvtres.read.1.tlog
c:\users\user\documents\visual studio 2013\projects\gameproject\base\debug\base.tlog\link-cvtres.write.1.tlog
c:\users\user\documents\visual studio 2013\projects\gameproject\base\debug\base.tlog\link-rc.read.1.tlog
c:\users\user\documents\visual studio 2013\projects\gameproject\base\debug\base.tlog\link-rc.write.1.tlog
c:\users\user\documents\visual studio 2013\projects\gameproject\base\debug\base.tlog\link.command.1.tlog
c:\users\user\documents\visual studio 2013\projects\gameproject\base\debug\base.tlog\link.read.1.tlog
c:\users\user\documents\visual studio 2013\projects\gameproject\base\debug\base.tlog\link.write.1.tlog
