Build started 15/12/2015 4:59:30 PM.
     1>Project "C:\Users\User\Documents\Visual Studio 2013\Projects\GameProject\Base\Base.vcxproj" on node 2 (Build target(s)).
     1>ClCompile:
         C:\Program Files (x86)\Microsoft Visual Studio 12.0\VC\bin\CL.exe /c /I"C:\Users\User\Documents\Visual Studio 2013\Projects\GameProject\/Common/Source" /I"C:\Users\User\Documents\Visual Studio 2013\Projects\GameProject\/glew/include" /I"C:\Users\User\Documents\Visual Studio 2013\Projects\GameProject\/glfw/include" /I"C:\Users\User\Documents\Visual Studio 2013\Projects\GameProject\/glm" /I"C:\Program Files (x86)\Visual Leak Detector\include" /ZI /nologo /W3 /WX- /Od /Oy- /D _VARIADIC_MAX=10 /D WIN32 /D _DEBUG /D _CONSOLE /D _UNICODE /D UNICODE /Gm /EHsc /RTC1 /MDd /GS /fp:precise /Zc:wchar_t /Zc:forScope /Fo"Debug\\" /Fd"Debug\vc120.pdb" /Gd /TP /analyze- /errorReport:prompt Source\MyModel.cpp Source\MyView.cpp
         MyModel.cpp
     1>c:\users\user\documents\visual studio 2013\projects\gameproject\base\source\projectile\projectile-obb.hpp(15): warning C4305: 'argument' : truncation from 'double' to 'float'
     1>c:\users\user\documents\visual studio 2013\projects\gameproject\base\source\mymodel.cpp(34): warning C4305: 'argument' : truncation from 'double' to 'float'
     1>c:\users\user\documents\visual studio 2013\projects\gameproject\base\source\mymodel.cpp(43): warning C4305: 'argument' : truncation from 'double' to 'float'
     1>c:\users\user\documents\visual studio 2013\projects\gameproject\base\source\mymodel.cpp(57): warning C4244: 'argument' : conversion from 'double' to 'const float', possible loss of data
         Generating Code...
         Compiling...
         MyView.cpp
     1>c:\users\user\documents\visual studio 2013\projects\gameproject\base\source\projectile\projectile-obb.hpp(15): warning C4305: 'argument' : truncation from 'double' to 'float'
         Generating Code...
       Link:
         C:\Program Files (x86)\Microsoft Visual Studio 12.0\VC\bin\link.exe /ERRORREPORT:PROMPT /OUT:"C:\Users\User\Documents\Visual Studio 2013\Projects\GameProject\Debug\Base.exe" /INCREMENTAL:NO /NOLOGO /LIBPATH:"C:\Users\User\Documents\Visual Studio 2013\Projects\GameProject\Debug" /LIBPATH:"C:\Users\User\Documents\Visual Studio 2013\Projects\GameProject\/glfw/lib-msvc100" /LIBPATH:"C:\Users\User\Documents\Visual Studio 2013\Projects\GameProject\/glew/lib" /LIBPATH:"C:\Program Files (x86)\Visual Leak Detector\lib\Win32" Common.lib winmm.lib opengl32.lib glu32.lib glew32.lib glfw3.lib kernel32.lib user32.lib gdi32.lib winspool.lib comdlg32.lib advapi32.lib shell32.lib ole32.lib oleaut32.lib uuid.lib odbc32.lib odbccp32.lib /MANIFEST /MANIFESTUAC:"level='asInvoker' uiAccess='false'" /manifest:embed /DEBUG /PDB:"C:\Users\User\Documents\Visual Studio 2013\Projects\GameProject\Debug\Base.pdb" /SUBSYSTEM:CONSOLE /TLBID:1 /DYNAMICBASE /NXCOMPAT /IMPLIB:"C:\Users\User\Documents\Visual Studio 2013\Projects\GameProject\Debug\Base.lib" /MACHINE:X86 Debug\Camera.obj
         Debug\Camera3.obj
         Debug\Controller.obj
         Debug\Controller_3D.obj
         Debug\GBuffer.obj
         Debug\LoadHmap.obj
         Debug\LoadOBJ.obj
         Debug\LoadTGA.obj
         Debug\main.obj
         Debug\Mesh.obj
         Debug\MeshBuilder.obj
         Debug\Model.obj
         Debug\Model_3D.obj
         Debug\MyModel.obj
         Debug\MyView.obj
         Debug\OrientedBoundingBox.obj
         Debug\Projectile.obj
         Debug\ProjectileManager.obj
         Debug\SceneNode.obj
         Debug\shader.obj
         Debug\SpatialPartition.obj
         Debug\SpatialPartitionGrid.obj
         Debug\SpriteAnimation.obj
         Debug\TileMap.obj
         Debug\Utility.obj
         Debug\View.obj
         Debug\View_3D.obj
     1>Camera.obj : warning LNK4075: ignoring '/EDITANDCONTINUE' due to '/OPT:LBR' specification
     1>LINK : warning LNK4098: defaultlib 'MSVCRT' conflicts with use of other libs; use /NODEFAULTLIB:library
         Base.vcxproj -> C:\Users\User\Documents\Visual Studio 2013\Projects\GameProject\Debug\Base.exe
     1>Done Building Project "C:\Users\User\Documents\Visual Studio 2013\Projects\GameProject\Base\Base.vcxproj" (Build target(s)).

Build succeeded.

Time Elapsed 00:00:01.83
